<?xml version="1.0" encoding="UTF-8"?>
<!-- Generated by org.testng.reporters.JUnitReportReporter -->
<testsuite hostname="swarup-PC" name="com.maven.AutomatedTest.SearchFlight" tests="1" failures="0" timestamp="21 Jul 2018 12:16:03 GMT" time="18.633" errors="0">
  <testcase name="flghtTestCase" time="18.633" classname="com.maven.AutomatedTest.SearchFlight"/>
</testsuite> <!-- com.maven.AutomatedTest.SearchFlight -->
